<?xml version="1.0" encoding="UTF-8"?>
<TestRun id="5a9adf9d-6cde-4e21-8b45-744917eb80d1" name="Juan@CARMEN-PC 2014-11-04 11:11:30" runUser="Carmen-PC\Juan" xmlns="http://microsoft.com/schemas/VisualStudio/TeamTest/2010">
  <TestSettings name="Local" id="441f4078-0f10-4663-b6d0-7fc4c80796f6">
    <Description>These are default test settings for a local test run.</Description>
    <Deployment enabled="false" runDeploymentRoot="Juan_CARMEN-PC 2014-11-04 11_11_30">
      <DeploymentItem filename="C:\Users\Juan\Documents\Visual Studio 2010\Projects\DialogueDisputeGameMultiplayer\DialogueDisputeGameMultiplayer\bin\Debug\DialogueDisputeGameMultiplayer.exe" />
      <DeploymentItem filename="C:\Users\Juan\Documents\Visual Studio 2010\Projects\DialogueDisputeGameMultiplayer\DialogueDisputeGameServer\bin\Debug\DialogueDisputeGameServer.exe" />
      <DeploymentItem filename="C:\Users\Juan\Documents\Visual Studio 2010\Projects\DialogueDisputeGameMultiplayer\DisputeCommon\bin\Debug\DisputeCommon.dll" />
    </Deployment>
    <Execution>
      <TestTypeSpecific />
      <AgentRule name="Execution Agents">
      </AgentRule>
    </Execution>
  </TestSettings>
  <Times creation="2014-11-04T11:11:30.6863770-05:00" queuing="2014-11-04T11:11:32.0304539-05:00" start="2014-11-04T11:11:32.2234650-05:00" finish="2014-11-04T11:11:33.5485408-05:00" />
  <ResultSummary outcome="Failed">
    <Counters total="6" executed="6" error="0" failed="6" timeout="0" aborted="0" inconclusive="0" passedButRunAborted="0" notRunnable="0" notExecuted="0" disconnected="0" warning="0" passed="0" completed="0" inProgress="0" pending="0" />
  </ResultSummary>
  <TestDefinitions>
    <UnitTest name="ServerHasView" storage="c:\users\juan\documents\visual studio 2010\projects\dialoguedisputegamemultiplayer\connectiontester\bin\debug\connectiontester.dll" id="30dd0719-10ed-fe40-35bd-e06910bf2a5e">
      <Execution id="9e8f6207-7407-4e20-9313-61039db181ee" />
      <TestMethod codeBase="C:/Users/Juan/Documents/Visual Studio 2010/Projects/DialogueDisputeGameMultiplayer/ConnectionTester/bin/Debug/ConnectionTester.DLL" adapterTypeName="Microsoft.VisualStudio.TestTools.TestTypes.Unit.UnitTestAdapter, Microsoft.VisualStudio.QualityTools.Tips.UnitTest.Adapter, Version=10.0.0.0, Culture=neutral, PublicKeyToken=b03f5f7f11d50a3a" className="ConnectionTester.UnitTest1, ConnectionTester, Version=1.0.0.0, Culture=neutral, PublicKeyToken=null" name="ServerHasView" />
    </UnitTest>
    <UnitTest name="MainForm2NotNull" storage="c:\users\juan\documents\visual studio 2010\projects\dialoguedisputegamemultiplayer\connectiontester\bin\debug\connectiontester.dll" id="48bca3f5-4de1-f124-8100-f7a71dcf69ec">
      <Execution id="c3753b45-d845-41b1-8cb2-ada7f98c54ce" />
      <TestMethod codeBase="C:/Users/Juan/Documents/Visual Studio 2010/Projects/DialogueDisputeGameMultiplayer/ConnectionTester/bin/Debug/ConnectionTester.DLL" adapterTypeName="Microsoft.VisualStudio.TestTools.TestTypes.Unit.UnitTestAdapter, Microsoft.VisualStudio.QualityTools.Tips.UnitTest.Adapter, Version=10.0.0.0, Culture=neutral, PublicKeyToken=b03f5f7f11d50a3a" className="ConnectionTester.UnitTest1, ConnectionTester, Version=1.0.0.0, Culture=neutral, PublicKeyToken=null" name="MainForm2NotNull" />
    </UnitTest>
    <UnitTest name="ServerHasFeedbackWriter" storage="c:\users\juan\documents\visual studio 2010\projects\dialoguedisputegamemultiplayer\connectiontester\bin\debug\connectiontester.dll" id="6e4ab066-639c-f3a9-8e06-975d65b2deca">
      <Execution id="63fb8493-9c7f-4123-855b-d6835885acdd" />
      <TestMethod codeBase="C:/Users/Juan/Documents/Visual Studio 2010/Projects/DialogueDisputeGameMultiplayer/ConnectionTester/bin/Debug/ConnectionTester.DLL" adapterTypeName="Microsoft.VisualStudio.TestTools.TestTypes.Unit.UnitTestAdapter, Microsoft.VisualStudio.QualityTools.Tips.UnitTest.Adapter, Version=10.0.0.0, Culture=neutral, PublicKeyToken=b03f5f7f11d50a3a" className="ConnectionTester.UnitTest1, ConnectionTester, Version=1.0.0.0, Culture=neutral, PublicKeyToken=null" name="ServerHasFeedbackWriter" />
    </UnitTest>
    <UnitTest name="ServerFormNotNull" storage="c:\users\juan\documents\visual studio 2010\projects\dialoguedisputegamemultiplayer\connectiontester\bin\debug\connectiontester.dll" id="ce711d7b-ad96-d8e8-82db-16c1049130b4">
      <Execution id="5e6436a9-6cea-46ad-92a3-d5ece57f1e3e" />
      <TestMethod codeBase="C:/Users/Juan/Documents/Visual Studio 2010/Projects/DialogueDisputeGameMultiplayer/ConnectionTester/bin/Debug/ConnectionTester.DLL" adapterTypeName="Microsoft.VisualStudio.TestTools.TestTypes.Unit.UnitTestAdapter, Microsoft.VisualStudio.QualityTools.Tips.UnitTest.Adapter, Version=10.0.0.0, Culture=neutral, PublicKeyToken=b03f5f7f11d50a3a" className="ConnectionTester.UnitTest1, ConnectionTester, Version=1.0.0.0, Culture=neutral, PublicKeyToken=null" name="ServerFormNotNull" />
    </UnitTest>
    <UnitTest name="MainForm1NotNull" storage="c:\users\juan\documents\visual studio 2010\projects\dialoguedisputegamemultiplayer\connectiontester\bin\debug\connectiontester.dll" id="680921e0-59d4-aaf7-57bc-a09e84324061">
      <Execution id="2a538948-5886-4d54-bf5c-e8f803af2269" />
      <TestMethod codeBase="C:/Users/Juan/Documents/Visual Studio 2010/Projects/DialogueDisputeGameMultiplayer/ConnectionTester/bin/Debug/ConnectionTester.DLL" adapterTypeName="Microsoft.VisualStudio.TestTools.TestTypes.Unit.UnitTestAdapter, Microsoft.VisualStudio.QualityTools.Tips.UnitTest.Adapter, Version=10.0.0.0, Culture=neutral, PublicKeyToken=b03f5f7f11d50a3a" className="ConnectionTester.UnitTest1, ConnectionTester, Version=1.0.0.0, Culture=neutral, PublicKeyToken=null" name="MainForm1NotNull" />
    </UnitTest>
    <UnitTest name="ServerNotNull" storage="c:\users\juan\documents\visual studio 2010\projects\dialoguedisputegamemultiplayer\connectiontester\bin\debug\connectiontester.dll" id="bb4a4b69-0bd4-6c56-aba0-e17750cd994e">
      <Execution id="ca68bcc2-cacb-4fe1-95ed-138da16930c2" />
      <TestMethod codeBase="C:/Users/Juan/Documents/Visual Studio 2010/Projects/DialogueDisputeGameMultiplayer/ConnectionTester/bin/Debug/ConnectionTester.DLL" adapterTypeName="Microsoft.VisualStudio.TestTools.TestTypes.Unit.UnitTestAdapter, Microsoft.VisualStudio.QualityTools.Tips.UnitTest.Adapter, Version=10.0.0.0, Culture=neutral, PublicKeyToken=b03f5f7f11d50a3a" className="ConnectionTester.UnitTest1, ConnectionTester, Version=1.0.0.0, Culture=neutral, PublicKeyToken=null" name="ServerNotNull" />
    </UnitTest>
  </TestDefinitions>
  <TestLists>
    <TestList name="Results Not in a List" id="8c84fa94-04c1-424b-9868-57a2d4851a1d" />
    <TestList name="All Loaded Results" id="19431567-8539-422a-85d7-44ee4e166bda" />
  </TestLists>
  <TestEntries>
    <TestEntry testId="30dd0719-10ed-fe40-35bd-e06910bf2a5e" executionId="9e8f6207-7407-4e20-9313-61039db181ee" testListId="8c84fa94-04c1-424b-9868-57a2d4851a1d" />
    <TestEntry testId="48bca3f5-4de1-f124-8100-f7a71dcf69ec" executionId="c3753b45-d845-41b1-8cb2-ada7f98c54ce" testListId="8c84fa94-04c1-424b-9868-57a2d4851a1d" />
    <TestEntry testId="680921e0-59d4-aaf7-57bc-a09e84324061" executionId="2a538948-5886-4d54-bf5c-e8f803af2269" testListId="8c84fa94-04c1-424b-9868-57a2d4851a1d" />
    <TestEntry testId="6e4ab066-639c-f3a9-8e06-975d65b2deca" executionId="63fb8493-9c7f-4123-855b-d6835885acdd" testListId="8c84fa94-04c1-424b-9868-57a2d4851a1d" />
    <TestEntry testId="bb4a4b69-0bd4-6c56-aba0-e17750cd994e" executionId="ca68bcc2-cacb-4fe1-95ed-138da16930c2" testListId="8c84fa94-04c1-424b-9868-57a2d4851a1d" />
    <TestEntry testId="ce711d7b-ad96-d8e8-82db-16c1049130b4" executionId="5e6436a9-6cea-46ad-92a3-d5ece57f1e3e" testListId="8c84fa94-04c1-424b-9868-57a2d4851a1d" />
  </TestEntries>
  <Results>
    <UnitTestResult executionId="9e8f6207-7407-4e20-9313-61039db181ee" testId="30dd0719-10ed-fe40-35bd-e06910bf2a5e" testName="ServerHasView" computerName="CARMEN-PC" duration="00:00:00.1257642" startTime="2014-11-04T11:11:32.2244650-05:00" endTime="2014-11-04T11:11:32.9655074-05:00" testType="13cdc9d9-ddb5-4fa4-a97d-d965ccfc6d4b" outcome="Failed" testListId="8c84fa94-04c1-424b-9868-57a2d4851a1d" relativeResultsDirectory="9e8f6207-7407-4e20-9313-61039db181ee">
      <Output>
        <ErrorInfo>
          <Message>Test method ConnectionTester.UnitTest1.ServerHasView threw exception: 
System.NullReferenceException: Object reference not set to an instance of an object.</Message>
          <StackTrace>    at ConnectionTester.UnitTest1.ServerHasView() in C:\Users\Juan\Documents\Visual Studio 2010\Projects\DialogueDisputeGameMultiplayer\ConnectionTester\UnitTest1.cs:line 38
</StackTrace>
        </ErrorInfo>
      </Output>
    </UnitTestResult>
    <UnitTestResult executionId="c3753b45-d845-41b1-8cb2-ada7f98c54ce" testId="48bca3f5-4de1-f124-8100-f7a71dcf69ec" testName="MainForm2NotNull" computerName="CARMEN-PC" duration="00:00:00.0222736" startTime="2014-11-04T11:11:32.9855085-05:00" endTime="2014-11-04T11:11:33.0475121-05:00" testType="13cdc9d9-ddb5-4fa4-a97d-d965ccfc6d4b" outcome="Failed" testListId="8c84fa94-04c1-424b-9868-57a2d4851a1d" relativeResultsDirectory="c3753b45-d845-41b1-8cb2-ada7f98c54ce">
      <Output>
        <ErrorInfo>
          <Message>Assert.IsNotNull failed. </Message>
          <StackTrace>   at ConnectionTester.UnitTest1.MainForm2NotNull() in C:\Users\Juan\Documents\Visual Studio 2010\Projects\DialogueDisputeGameMultiplayer\ConnectionTester\UnitTest1.cs:line 56
</StackTrace>
        </ErrorInfo>
      </Output>
    </UnitTestResult>
    <UnitTestResult executionId="2a538948-5886-4d54-bf5c-e8f803af2269" testId="680921e0-59d4-aaf7-57bc-a09e84324061" testName="MainForm1NotNull" computerName="CARMEN-PC" duration="00:00:00.0338337" startTime="2014-11-04T11:11:33.0735136-05:00" endTime="2014-11-04T11:11:33.1505180-05:00" testType="13cdc9d9-ddb5-4fa4-a97d-d965ccfc6d4b" outcome="Failed" testListId="8c84fa94-04c1-424b-9868-57a2d4851a1d" relativeResultsDirectory="2a538948-5886-4d54-bf5c-e8f803af2269">
      <Output>
        <ErrorInfo>
          <Message>Assert.IsNotNull failed. </Message>
          <StackTrace>   at ConnectionTester.UnitTest1.MainForm1NotNull() in C:\Users\Juan\Documents\Visual Studio 2010\Projects\DialogueDisputeGameMultiplayer\ConnectionTester\UnitTest1.cs:line 50
</StackTrace>
        </ErrorInfo>
      </Output>
    </UnitTestResult>
    <UnitTestResult executionId="63fb8493-9c7f-4123-855b-d6835885acdd" testId="6e4ab066-639c-f3a9-8e06-975d65b2deca" testName="ServerHasFeedbackWriter" computerName="CARMEN-PC" duration="00:00:00.0070604" startTime="2014-11-04T11:11:33.1795196-05:00" endTime="2014-11-04T11:11:33.2175218-05:00" testType="13cdc9d9-ddb5-4fa4-a97d-d965ccfc6d4b" outcome="Failed" testListId="8c84fa94-04c1-424b-9868-57a2d4851a1d" relativeResultsDirectory="63fb8493-9c7f-4123-855b-d6835885acdd">
      <Output>
        <ErrorInfo>
          <Message>Test method ConnectionTester.UnitTest1.ServerHasFeedbackWriter threw exception: 
System.NullReferenceException: Object reference not set to an instance of an object.</Message>
          <StackTrace>    at ConnectionTester.UnitTest1.ServerHasFeedbackWriter() in C:\Users\Juan\Documents\Visual Studio 2010\Projects\DialogueDisputeGameMultiplayer\ConnectionTester\UnitTest1.cs:line 44
</StackTrace>
        </ErrorInfo>
      </Output>
    </UnitTestResult>
    <UnitTestResult executionId="ca68bcc2-cacb-4fe1-95ed-138da16930c2" testId="bb4a4b69-0bd4-6c56-aba0-e17750cd994e" testName="ServerNotNull" computerName="CARMEN-PC" duration="00:00:00.0107274" startTime="2014-11-04T11:11:33.2235222-05:00" endTime="2014-11-04T11:11:33.2525238-05:00" testType="13cdc9d9-ddb5-4fa4-a97d-d965ccfc6d4b" outcome="Failed" testListId="8c84fa94-04c1-424b-9868-57a2d4851a1d" relativeResultsDirectory="ca68bcc2-cacb-4fe1-95ed-138da16930c2">
      <Output>
        <ErrorInfo>
          <Message>Assert.IsNotNull failed. </Message>
          <StackTrace>   at ConnectionTester.UnitTest1.ServerNotNull() in C:\Users\Juan\Documents\Visual Studio 2010\Projects\DialogueDisputeGameMultiplayer\ConnectionTester\UnitTest1.cs:line 26
</StackTrace>
        </ErrorInfo>
      </Output>
    </UnitTestResult>
    <UnitTestResult executionId="5e6436a9-6cea-46ad-92a3-d5ece57f1e3e" testId="ce711d7b-ad96-d8e8-82db-16c1049130b4" testName="ServerFormNotNull" computerName="CARMEN-PC" duration="00:00:00.0211005" startTime="2014-11-04T11:11:33.2715249-05:00" endTime="2014-11-04T11:11:33.3185276-05:00" testType="13cdc9d9-ddb5-4fa4-a97d-d965ccfc6d4b" outcome="Failed" testListId="8c84fa94-04c1-424b-9868-57a2d4851a1d" relativeResultsDirectory="5e6436a9-6cea-46ad-92a3-d5ece57f1e3e">
      <Output>
        <ErrorInfo>
          <Message>Assert.IsNotNull failed. </Message>
          <StackTrace>   at ConnectionTester.UnitTest1.ServerFormNotNull() in C:\Users\Juan\Documents\Visual Studio 2010\Projects\DialogueDisputeGameMultiplayer\ConnectionTester\UnitTest1.cs:line 32
</StackTrace>
        </ErrorInfo>
      </Output>
    </UnitTestResult>
  </Results>
</TestRun>